Figwheel: focusing on build-ids (test)
[0mCompiling "dev/resources/public/js/main.js" from ["src" "test" "dev/src"]...
[32mSuccessfully compiled "dev/resources/public/js/main.js" in 0.094 seconds.[0m
notifying browser that file changed:  dev/resources/public/js/out/goog/deps.js
notifying browser that file changed:  dev/resources/public/js/out/cljs_deps.js
notifying browser that file changed:  /peli/engine.js
notifying browser that file changed:  /peli/time_debugger.js
notifying browser that file changed:  /peli/play.js
notifying browser that file changed:  /peli/svg_adaptor.js
notifying browser that file changed:  /peli/engine_test.js
notifying browser that file changed:  /peli/runner.js
Figwheel: focusing on build-ids (test)
[0mCompiling "dev/resources/public/js/main.js" from ["src" "test" "dev/src"]...
[32mSuccessfully compiled "dev/resources/public/js/main.js" in 0.082 seconds.[0m
notifying browser that file changed:  dev/resources/public/js/out/goog/deps.js
notifying browser that file changed:  dev/resources/public/js/out/cljs_deps.js
notifying browser that file changed:  /peli/engine.js
notifying browser that file changed:  /peli/time_debugger.js
notifying browser that file changed:  /peli/play.js
notifying browser that file changed:  /peli/svg_adaptor.js
notifying browser that file changed:  /peli/engine_test.js
notifying browser that file changed:  /peli/runner.js
Figwheel: focusing on build-ids (test)
[0mCompiling "dev/resources/public/js/main.js" from ["src" "test" "dev/src"]...
[32mSuccessfully compiled "dev/resources/public/js/main.js" in 0.122 seconds.[0m
notifying browser that file changed:  dev/resources/public/js/out/goog/deps.js
notifying browser that file changed:  dev/resources/public/js/out/cljs_deps.js
notifying browser that file changed:  /peli/engine.js
notifying browser that file changed:  /peli/time_debugger.js
notifying browser that file changed:  /peli/play.js
notifying browser that file changed:  /peli/svg_adaptor.js
notifying browser that file changed:  /peli/engine_test.js
notifying browser that file changed:  /peli/runner.js
[0mCompiling "dev/resources/public/js/main.js" from ["src" "test" "dev/src"]...
WARNING: Use of undeclared Var peli.time-debugger/even->idx at line 88 src/peli/debugger.cljs
[32mSuccessfully compiled "dev/resources/public/js/main.js" in 0.255 seconds.[0m
notifying browser that file changed:  /peli/time_debugger.js
[0mCompiling "dev/resources/public/js/main.js" from ["src" "test" "dev/src"]...
[32mSuccessfully compiled "dev/resources/public/js/main.js" in 0.239 seconds.[0m
notifying browser that file changed:  /peli/play.js
[0mCompiling "dev/resources/public/js/main.js" from ["src" "test" "dev/src"]...
[32mSuccessfully compiled "dev/resources/public/js/main.js" in 0.227 seconds.[0m
notifying browser that file changed:  /peli/play.js
Figwheel: focusing on build-ids (test)
[0mCompiling "dev/resources/public/js/main.js" from ["src" "test" "dev/src"]...
[32mSuccessfully compiled "dev/resources/public/js/main.js" in 0.089 seconds.[0m
notifying browser that file changed:  dev/resources/public/js/out/goog/deps.js
notifying browser that file changed:  dev/resources/public/js/out/cljs_deps.js
notifying browser that file changed:  /peli/engine.js
notifying browser that file changed:  /peli/time_debugger.js
notifying browser that file changed:  /peli/play.js
notifying browser that file changed:  /peli/svg_adaptor.js
notifying browser that file changed:  /peli/engine_test.js
notifying browser that file changed:  /peli/runner.js
Figwheel: focusing on build-ids (dev)
[0mCompiling "dev/resources/public/js/main.js" from ["src" "dev/src"]...
[32mSuccessfully compiled "dev/resources/public/js/main.js" in 0.081 seconds.[0m
notifying browser that file changed:  dev/resources/public/js/out/goog/deps.js
notifying browser that file changed:  dev/resources/public/js/out/cljs_deps.js
notifying browser that file changed:  /peli/engine.js
notifying browser that file changed:  /peli/time_debugger.js
notifying browser that file changed:  /peli/play.js
notifying browser that file changed:  /peli/svg_adaptor.js
[0mCompiling "dev/resources/public/js/main.js" from ["src" "dev/src"]...
[32mSuccessfully compiled "dev/resources/public/js/main.js" in 0.259 seconds.[0m
notifying browser that file changed:  /peli/time_debugger.js
Figwheel: focusing on build-ids (dev)
[0mCompiling "dev/resources/public/js/main.js" from ["src" "dev/src"]...
[32mSuccessfully compiled "dev/resources/public/js/main.js" in 0.085 seconds.[0m
notifying browser that file changed:  dev/resources/public/js/out/goog/deps.js
notifying browser that file changed:  dev/resources/public/js/out/cljs_deps.js
notifying browser that file changed:  /peli/engine.js
notifying browser that file changed:  /peli/time_debugger.js
notifying browser that file changed:  /peli/play.js
notifying browser that file changed:  /peli/svg_adaptor.js
[0mCompiling "dev/resources/public/js/main.js" from ["src" "dev/src"]...
[32mSuccessfully compiled "dev/resources/public/js/main.js" in 0.298 seconds.[0m
notifying browser that file changed:  dev/resources/public/js/out/cljs_deps.js
notifying browser that file changed:  /peli/play.js
Figwheel: focusing on build-ids (dev)
[0mCompiling "dev/resources/public/js/main.js" from ["src" "dev/src"]...
[32mSuccessfully compiled "dev/resources/public/js/main.js" in 0.132 seconds.[0m
notifying browser that file changed:  dev/resources/public/js/out/goog/deps.js
notifying browser that file changed:  dev/resources/public/js/out/cljs_deps.js
notifying browser that file changed:  /peli/engine.js
notifying browser that file changed:  /peli/time_debugger.js
notifying browser that file changed:  /peli/play.js
notifying browser that file changed:  /peli/svg_adaptor.js
[0mCompiling "dev/resources/public/js/main.js" from ["src" "dev/src"]...
[32mSuccessfully compiled "dev/resources/public/js/main.js" in 0.277 seconds.[0m
notifying browser that file changed:  /peli/time_debugger.js
[0mCompiling "dev/resources/public/js/main.js" from ["src" "dev/src"]...
[32mSuccessfully compiled "dev/resources/public/js/main.js" in 0.059 seconds.[0m
notifying browser that file changed:  /peli/time_debugger.js
Figwheel: focusing on build-ids (dev)
[0mCompiling "dev/resources/public/js/main.js" from ["src" "dev/src"]...
[32mSuccessfully compiled "dev/resources/public/js/main.js" in 0.083 seconds.[0m
notifying browser that file changed:  dev/resources/public/js/out/goog/deps.js
notifying browser that file changed:  dev/resources/public/js/out/cljs_deps.js
notifying browser that file changed:  /peli/engine.js
notifying browser that file changed:  /peli/time_debugger.js
notifying browser that file changed:  /peli/play.js
notifying browser that file changed:  /peli/svg_adaptor.js
Figwheel: focusing on build-ids (dev)
[0mCompiling "dev/resources/public/js/main.js" from ["src" "dev/src"]...
[32mSuccessfully compiled "dev/resources/public/js/main.js" in 0.08 seconds.[0m
notifying browser that file changed:  dev/resources/public/js/out/goog/deps.js
notifying browser that file changed:  dev/resources/public/js/out/cljs_deps.js
notifying browser that file changed:  /peli/engine.js
notifying browser that file changed:  /peli/time_debugger.js
notifying browser that file changed:  /peli/play.js
notifying browser that file changed:  /peli/svg_adaptor.js
[0mCompiling "dev/resources/public/js/main.js" from ["src" "dev/src"]...
[32mSuccessfully compiled "dev/resources/public/js/main.js" in 0.157 seconds.[0m
notifying browser that file changed:  /peli/time_debugger.js
[0mCompiling "dev/resources/public/js/main.js" from ["src" "dev/src"]...
[32mSuccessfully compiled "dev/resources/public/js/main.js" in 0.137 seconds.[0m
notifying browser that file changed:  /peli/time_debugger.js
[0mCompiling "dev/resources/public/js/main.js" from ["src" "dev/src"]...
[32mSuccessfully compiled "dev/resources/public/js/main.js" in 0.14 seconds.[0m
notifying browser that file changed:  /peli/time_debugger.js
[0mCompiling "dev/resources/public/js/main.js" from ["src" "dev/src"]...
[32mSuccessfully compiled "dev/resources/public/js/main.js" in 0.137 seconds.[0m
notifying browser that file changed:  /peli/time_debugger.js
[0mCompiling "dev/resources/public/js/main.js" from ["src" "dev/src"]...
[32mSuccessfully compiled "dev/resources/public/js/main.js" in 0.136 seconds.[0m
notifying browser that file changed:  dev/resources/public/js/out/cljs_deps.js
notifying browser that file changed:  /peli/time_debugger.js
[0mCompiling "dev/resources/public/js/main.js" from ["src" "dev/src"]...
[32mSuccessfully compiled "dev/resources/public/js/main.js" in 0.134 seconds.[0m
notifying browser that file changed:  dev/resources/public/js/out/cljs_deps.js
notifying browser that file changed:  /peli/time_debugger.js
[0mCompiling "dev/resources/public/js/main.js" from ["src" "dev/src"]...
[32mSuccessfully compiled "dev/resources/public/js/main.js" in 0.134 seconds.[0m
notifying browser that file changed:  /peli/time_debugger.js
[0mCompiling "dev/resources/public/js/main.js" from ["src" "dev/src"]...
WARNING: next already refers to: cljs.core/next being replaced by: peli.time-debugger/next at line 87 src/peli/time_debugger.cljs
[32mSuccessfully compiled "dev/resources/public/js/main.js" in 0.134 seconds.[0m
notifying browser that file changed:  dev/resources/public/js/out/cljs_deps.js
notifying browser that file changed:  /peli/time_debugger.js
[0mCompiling "dev/resources/public/js/main.js" from ["src" "dev/src"]...
[32mSuccessfully compiled "dev/resources/public/js/main.js" in 0.237 seconds.[0m
notifying browser that file changed:  dev/resources/public/js/out/cljs_deps.js
notifying browser that file changed:  /peli/svg_adaptor.js
sending changed CSS file: dev/resources/public/css/dev.css
sending changed CSS file: dev/resources/public/css/dev.css
sending changed CSS file: dev/resources/public/css/dev.css
[0mCompiling "dev/resources/public/js/main.js" from ["src" "dev/src"]...
WARNING: next already refers to: cljs.core/next being replaced by: peli.time-debugger/next at line 87 src/peli/time_debugger.cljs
[32mSuccessfully compiled "dev/resources/public/js/main.js" in 0.137 seconds.[0m
notifying browser that file changed:  dev/resources/public/js/out/cljs_deps.js
notifying browser that file changed:  /peli/time_debugger.js
[0mCompiling "dev/resources/public/js/main.js" from ["src" "dev/src"]...
WARNING: next already refers to: cljs.core/next being replaced by: peli.time-debugger/next at line 87 src/peli/time_debugger.cljs
[32mSuccessfully compiled "dev/resources/public/js/main.js" in 0.135 seconds.[0m
notifying browser that file changed:  dev/resources/public/js/out/cljs_deps.js
notifying browser that file changed:  /peli/time_debugger.js
Figwheel: focusing on build-ids (dev)
[0mCompiling "dev/resources/public/js/main.js" from ["src" "dev/src"]...
[32mSuccessfully compiled "dev/resources/public/js/main.js" in 0.118 seconds.[0m
notifying browser that file changed:  dev/resources/public/js/out/goog/deps.js
notifying browser that file changed:  dev/resources/public/js/out/cljs_deps.js
notifying browser that file changed:  /peli/engine.js
notifying browser that file changed:  /peli/time_debugger.js
notifying browser that file changed:  /peli/play.js
notifying browser that file changed:  /peli/svg_adaptor.js
[0mCompiling "dev/resources/public/js/main.js" from ["src" "dev/src"]...
WARNING: next already refers to: cljs.core/next being replaced by: peli.time-debugger/next at line 87 src/peli/time_debugger.cljs
[32mSuccessfully compiled "dev/resources/public/js/main.js" in 0.244 seconds.[0m
notifying browser that file changed:  dev/resources/public/js/out/cljs_deps.js
notifying browser that file changed:  /peli/time_debugger.js
[0mCompiling "dev/resources/public/js/main.js" from ["src" "dev/src"]...
[32mSuccessfully compiled "dev/resources/public/js/main.js" in 0.185 seconds.[0m
notifying browser that file changed:  /peli/time_debugger.js
[0mCompiling "dev/resources/public/js/main.js" from ["src" "dev/src"]...
[32mSuccessfully compiled "dev/resources/public/js/main.js" in 0.177 seconds.[0m
notifying browser that file changed:  dev/resources/public/js/out/cljs_deps.js
notifying browser that file changed:  /peli/time_debugger.js
[0mCompiling "dev/resources/public/js/main.js" from ["src" "dev/src"]...
[31mCompiling "dev/resources/public/js/main.js" failed.[0m
clojure.lang.ExceptionInfo: failed compiling file:dev/src/peli/play.cljs
 at clojure.core$ex_info.invoke (core.clj:4593)
    cljs.compiler$compile_file$fn__3144.invoke (compiler.cljc:1347)
    cljs.compiler$compile_file.invoke (compiler.cljc:1309)
    cljs.compiler$compile_root.invoke (compiler.cljc:1384)
    cljs.closure$compile_dir.invoke (closure.clj:446)
    cljs.closure$eval3588$fn__3589.invoke (closure.clj:486)
    cljs.closure$eval3540$fn__3541$G__3531__3548.invoke (closure.clj:391)
    cljs.closure$eval3601$fn__3602.invoke (closure.clj:500)
    cljs.closure$eval3540$fn__3541$G__3531__3548.invoke (closure.clj:391)
    clojurescript_build.core.CompilableSourcePaths/fn (core.clj:20)
    clojure.lang.PersistentVector.reduce (PersistentVector.java:333)
    clojure.core$reduce.invoke (core.clj:6518)
    clojurescript_build.core.CompilableSourcePaths._compile (core.clj:19)
    cljs.closure$build.invoke (closure.clj:1683)
    clojurescript_build.core$build_source_paths_STAR_.invoke (core.clj:160)
    figwheel_sidecar.auto_builder$default_build_options$fn__15785.invoke (auto_builder.clj:61)
    figwheel_sidecar.auto_builder$insert_figwheel_connect_script$fn__15831.invoke (auto_builder.clj:201)
    figwheel_sidecar.auto_builder$warning$fn__15782.invoke (auto_builder.clj:57)
    clojurescript_build.auto$time_build$fn__15585.invoke (auto.clj:56)
    clojurescript_build.auto$after$fn__15591.invoke (auto.clj:65)
    clojurescript_build.auto$after$fn__15591.invoke (auto.clj:65)
    clojurescript_build.auto$error$fn__15594.invoke (auto.clj:72)
    clojurescript_build.auto$before$fn__15588.invoke (auto.clj:61)
    clojurescript_build.auto$make_conditional_builder$fn__15606.invoke (auto.clj:104)
    clojure.core$mapv$fn__6727.invoke (core.clj:6616)
    clojure.lang.PersistentVector.reduce (PersistentVector.java:333)
    clojure.core$reduce.invoke (core.clj:6518)
    clojure.core$mapv.invoke (core.clj:6616)
    clojurescript_build.auto$autobuild_STAR_$fn__15692$state_machine__9543__auto____15693$fn__15698.invoke (auto.clj:187)
    clojurescript_build.auto$autobuild_STAR_$fn__15692$state_machine__9543__auto____15693.invoke (auto.clj:178)
[0mCompiling "dev/resources/public/js/main.js" from ["src" "dev/src"]...
[32mSuccessfully compiled "dev/resources/public/js/main.js" in 0.217 seconds.[0m
notifying browser that file changed:  /peli/play.js
[0mCompiling "dev/resources/public/js/main.js" from ["src" "dev/src"]...
[32mSuccessfully compiled "dev/resources/public/js/main.js" in 0.214 seconds.[0m
notifying browser that file changed:  /peli/play.js
[0mCompiling "dev/resources/public/js/main.js" from ["src" "dev/src"]...
[32mSuccessfully compiled "dev/resources/public/js/main.js" in 0.171 seconds.[0m
notifying browser that file changed:  /peli/time_debugger.js
[0mCompiling "dev/resources/public/js/main.js" from ["src" "dev/src"]...
[32mSuccessfully compiled "dev/resources/public/js/main.js" in 0.17 seconds.[0m
notifying browser that file changed:  /peli/time_debugger.js
[0mCompiling "dev/resources/public/js/main.js" from ["src" "dev/src"]...
[32mSuccessfully compiled "dev/resources/public/js/main.js" in 0.16 seconds.[0m
notifying browser that file changed:  dev/resources/public/js/out/cljs_deps.js
notifying browser that file changed:  /peli/time_debugger.js
[0mCompiling "dev/resources/public/js/main.js" from ["src" "dev/src"]...
[32mSuccessfully compiled "dev/resources/public/js/main.js" in 0.165 seconds.[0m
notifying browser that file changed:  dev/resources/public/js/out/cljs_deps.js
notifying browser that file changed:  /peli/time_debugger.js
[0mCompiling "dev/resources/public/js/main.js" from ["src" "dev/src"]...
[32mSuccessfully compiled "dev/resources/public/js/main.js" in 0.166 seconds.[0m
notifying browser that file changed:  dev/resources/public/js/out/cljs_deps.js
notifying browser that file changed:  /peli/time_debugger.js
[0mCompiling "dev/resources/public/js/main.js" from ["src" "dev/src"]...
[32mSuccessfully compiled "dev/resources/public/js/main.js" in 0.174 seconds.[0m
notifying browser that file changed:  dev/resources/public/js/out/cljs_deps.js
notifying browser that file changed:  /peli/time_debugger.js
[0mCompiling "dev/resources/public/js/main.js" from ["src" "dev/src"]...
[32mSuccessfully compiled "dev/resources/public/js/main.js" in 0.18 seconds.[0m
notifying browser that file changed:  dev/resources/public/js/out/cljs_deps.js
notifying browser that file changed:  /peli/time_debugger.js
[0mCompiling "dev/resources/public/js/main.js" from ["src" "dev/src"]...
[32mSuccessfully compiled "dev/resources/public/js/main.js" in 0.176 seconds.[0m
notifying browser that file changed:  dev/resources/public/js/out/cljs_deps.js
notifying browser that file changed:  /peli/time_debugger.js
[0mCompiling "dev/resources/public/js/main.js" from ["src" "dev/src"]...
[32mSuccessfully compiled "dev/resources/public/js/main.js" in 0.167 seconds.[0m
notifying browser that file changed:  /peli/time_debugger.js
[0mCompiling "dev/resources/public/js/main.js" from ["src" "dev/src"]...
WARNING: Use of undeclared Var peli.engine/init-game at line 195 dev/src/peli/play.cljs
WARNING: Use of undeclared Var peli.play/render-game at line 197 dev/src/peli/play.cljs
WARNING: Use of undeclared Var peli.play/running-game at line 199 dev/src/peli/play.cljs
WARNING: Use of undeclared Var peli.play/game-atm at line 200 dev/src/peli/play.cljs
[32mSuccessfully compiled "dev/resources/public/js/main.js" in 0.262 seconds.[0m
notifying browser that file changed:  dev/resources/public/js/out/cljs_deps.js
notifying browser that file changed:  /peli/play.js
[0mCompiling "dev/resources/public/js/main.js" from ["src" "dev/src"]...
WARNING: Use of undeclared Var peli.engine/run-game at line 438 src/peli/engine.cljs
[32mSuccessfully compiled "dev/resources/public/js/main.js" in 0.532 seconds.[0m
notifying browser that file changed:  dev/resources/public/js/out/cljs_deps.js
notifying browser that file changed:  /peli/engine.js
[0mCompiling "dev/resources/public/js/main.js" from ["src" "dev/src"]...
WARNING: Use of undeclared Var peli.play/running-game at line 199 dev/src/peli/play.cljs
WARNING: Use of undeclared Var peli.play/game-atm at line 200 dev/src/peli/play.cljs
[32mSuccessfully compiled "dev/resources/public/js/main.js" in 0.239 seconds.[0m
notifying browser that file changed:  dev/resources/public/js/out/cljs_deps.js
notifying browser that file changed:  /peli/play.js
[0mCompiling "dev/resources/public/js/main.js" from ["src" "dev/src"]...
WARNING: Use of undeclared Var peli.play/game-atm at line 200 dev/src/peli/play.cljs
[32mSuccessfully compiled "dev/resources/public/js/main.js" in 0.225 seconds.[0m
notifying browser that file changed:  /peli/play.js
[0mCompiling "dev/resources/public/js/main.js" from ["src" "dev/src"]...
[32mSuccessfully compiled "dev/resources/public/js/main.js" in 0.2 seconds.[0m
notifying browser that file changed:  /peli/play.js
[0mCompiling "dev/resources/public/js/main.js" from ["src" "dev/src"]...
[32mSuccessfully compiled "dev/resources/public/js/main.js" in 0.471 seconds.[0m
notifying browser that file changed:  /peli/engine.js
[0mCompiling "dev/resources/public/js/main.js" from ["src" "dev/src"]...
[32mSuccessfully compiled "dev/resources/public/js/main.js" in 0.458 seconds.[0m
notifying browser that file changed:  /peli/engine.js
[0mCompiling "dev/resources/public/js/main.js" from ["src" "dev/src"]...
[32mSuccessfully compiled "dev/resources/public/js/main.js" in 0.19 seconds.[0m
notifying browser that file changed:  dev/resources/public/js/out/cljs_deps.js
notifying browser that file changed:  /peli/play.js
[0mCompiling "dev/resources/public/js/main.js" from ["src" "dev/src"]...
[32mSuccessfully compiled "dev/resources/public/js/main.js" in 0.469 seconds.[0m
notifying browser that file changed:  /peli/engine.js
[0mCompiling "dev/resources/public/js/main.js" from ["src" "dev/src"]...
[32mSuccessfully compiled "dev/resources/public/js/main.js" in 0.482 seconds.[0m
notifying browser that file changed:  dev/resources/public/js/out/cljs_deps.js
notifying browser that file changed:  /peli/engine.js
[0mCompiling "dev/resources/public/js/main.js" from ["src" "dev/src"]...
[32mSuccessfully compiled "dev/resources/public/js/main.js" in 0.467 seconds.[0m
notifying browser that file changed:  /peli/engine.js
sending changed CSS file: dev/resources/public/css/dev.css
sending changed CSS file: dev/resources/public/css/dev.css
sending changed CSS file: dev/resources/public/css/dev.css
[0mCompiling "dev/resources/public/js/main.js" from ["src" "dev/src"]...
[32mSuccessfully compiled "dev/resources/public/js/main.js" in 0.148 seconds.[0m
notifying browser that file changed:  dev/resources/public/js/out/cljs_deps.js
notifying browser that file changed:  /peli/time_debugger.js
[0mCompiling "dev/resources/public/js/main.js" from ["src" "dev/src"]...
[32mSuccessfully compiled "dev/resources/public/js/main.js" in 0.151 seconds.[0m
notifying browser that file changed:  /peli/time_debugger.js
sending changed CSS file: dev/resources/public/css/dev.css
sending changed CSS file: dev/resources/public/css/dev.css
[0mCompiling "dev/resources/public/js/main.js" from ["src" "dev/src"]...
[32mSuccessfully compiled "dev/resources/public/js/main.js" in 0.15 seconds.[0m
notifying browser that file changed:  /peli/time_debugger.js
[0mCompiling "dev/resources/public/js/main.js" from ["src" "dev/src"]...
[32mSuccessfully compiled "dev/resources/public/js/main.js" in 0.152 seconds.[0m
notifying browser that file changed:  /peli/time_debugger.js
sending changed CSS file: dev/resources/public/css/dev.css
sending changed CSS file: dev/resources/public/css/dev.css
[0mCompiling "dev/resources/public/js/main.js" from ["src" "dev/src"]...
[32mSuccessfully compiled "dev/resources/public/js/main.js" in 0.153 seconds.[0m
notifying browser that file changed:  dev/resources/public/js/out/cljs_deps.js
notifying browser that file changed:  /peli/time_debugger.js
[0mCompiling "dev/resources/public/js/main.js" from ["src" "dev/src"]...
[32mSuccessfully compiled "dev/resources/public/js/main.js" in 0.149 seconds.[0m
notifying browser that file changed:  dev/resources/public/js/out/cljs_deps.js
notifying browser that file changed:  /peli/time_debugger.js
[0mCompiling "dev/resources/public/js/main.js" from ["src" "dev/src"]...
[32mSuccessfully compiled "dev/resources/public/js/main.js" in 0.16 seconds.[0m
notifying browser that file changed:  dev/resources/public/js/out/cljs_deps.js
notifying browser that file changed:  /peli/time_debugger.js
[0mCompiling "dev/resources/public/js/main.js" from ["src" "dev/src"]...
WARNING: Wrong number of args (3) passed to peli.time-debugger/gather-events at line 132 src/peli/time_debugger.cljs
[32mSuccessfully compiled "dev/resources/public/js/main.js" in 0.175 seconds.[0m
notifying browser that file changed:  dev/resources/public/js/out/cljs_deps.js
notifying browser that file changed:  /peli/time_debugger.js
[0mCompiling "dev/resources/public/js/main.js" from ["src" "dev/src"]...
[32mSuccessfully compiled "dev/resources/public/js/main.js" in 0.156 seconds.[0m
notifying browser that file changed:  /peli/time_debugger.js
[0mCompiling "dev/resources/public/js/main.js" from ["src" "dev/src"]...
WARNING: restor-entity at line 81 is being replaced at line 408 src/peli/engine.cljs
[31mCompiling "dev/resources/public/js/main.js" failed.[0m
clojure.lang.ExceptionInfo: failed compiling file:src/peli/engine.cljs
 at clojure.core$ex_info.invoke (core.clj:4593)
    cljs.compiler$compile_file$fn__3144.invoke (compiler.cljc:1347)
    cljs.compiler$compile_file.invoke (compiler.cljc:1309)
    cljs.compiler$compile_root.invoke (compiler.cljc:1384)
    cljs.closure$compile_dir.invoke (closure.clj:446)
    cljs.closure$eval3588$fn__3589.invoke (closure.clj:486)
    cljs.closure$eval3540$fn__3541$G__3531__3548.invoke (closure.clj:391)
    cljs.closure$eval3601$fn__3602.invoke (closure.clj:500)
    cljs.closure$eval3540$fn__3541$G__3531__3548.invoke (closure.clj:391)
    clojurescript_build.core.CompilableSourcePaths/fn (core.clj:20)
    clojure.lang.PersistentVector.reduce (PersistentVector.java:333)
    clojure.core$reduce.invoke (core.clj:6518)
    clojurescript_build.core.CompilableSourcePaths._compile (core.clj:19)
    cljs.closure$build.invoke (closure.clj:1683)
    clojurescript_build.core$build_source_paths_STAR_.invoke (core.clj:160)
    figwheel_sidecar.auto_builder$default_build_options$fn__15785.invoke (auto_builder.clj:61)
    figwheel_sidecar.auto_builder$insert_figwheel_connect_script$fn__15831.invoke (auto_builder.clj:201)
    figwheel_sidecar.auto_builder$warning$fn__15782.invoke (auto_builder.clj:57)
    clojurescript_build.auto$time_build$fn__15585.invoke (auto.clj:56)
    clojurescript_build.auto$after$fn__15591.invoke (auto.clj:65)
    clojurescript_build.auto$after$fn__15591.invoke (auto.clj:65)
    clojurescript_build.auto$error$fn__15594.invoke (auto.clj:72)
    clojurescript_build.auto$before$fn__15588.invoke (auto.clj:61)
    clojurescript_build.auto$make_conditional_builder$fn__15606.invoke (auto.clj:104)
    clojure.core$mapv$fn__6727.invoke (core.clj:6616)
    clojure.lang.PersistentVector.reduce (PersistentVector.java:333)
    clojure.core$reduce.invoke (core.clj:6518)
    clojure.core$mapv.invoke (core.clj:6616)
    clojurescript_build.auto$autobuild_STAR_$fn__15692$state_machine__9543__auto____15693$fn__15698.invoke (auto.clj:187)
    clojurescript_build.auto$autobuild_STAR_$fn__15692$state_machine__9543__auto____15693.invoke (auto.clj:178)
[0mCompiling "dev/resources/public/js/main.js" from ["src" "dev/src"]...
[32mSuccessfully compiled "dev/resources/public/js/main.js" in 0.252 seconds.[0m
notifying browser that file changed:  /peli/svg_adaptor.js
[0mCompiling "dev/resources/public/js/main.js" from ["src" "dev/src"]...
[31mCompiling "dev/resources/public/js/main.js" failed.[0m
clojure.lang.ExceptionInfo: failed compiling file:src/peli/engine.cljs
 at clojure.core$ex_info.invoke (core.clj:4593)
    cljs.compiler$compile_file$fn__3144.invoke (compiler.cljc:1347)
    cljs.compiler$compile_file.invoke (compiler.cljc:1309)
    cljs.compiler$compile_root.invoke (compiler.cljc:1384)
    cljs.closure$compile_dir.invoke (closure.clj:446)
    cljs.closure$eval3588$fn__3589.invoke (closure.clj:486)
    cljs.closure$eval3540$fn__3541$G__3531__3548.invoke (closure.clj:391)
    cljs.closure$eval3601$fn__3602.invoke (closure.clj:500)
    cljs.closure$eval3540$fn__3541$G__3531__3548.invoke (closure.clj:391)
    clojurescript_build.core.CompilableSourcePaths/fn (core.clj:20)
    clojure.lang.PersistentVector.reduce (PersistentVector.java:333)
    clojure.core$reduce.invoke (core.clj:6518)
    clojurescript_build.core.CompilableSourcePaths._compile (core.clj:19)
    cljs.closure$build.invoke (closure.clj:1683)
    clojurescript_build.core$build_source_paths_STAR_.invoke (core.clj:160)
    figwheel_sidecar.auto_builder$default_build_options$fn__15785.invoke (auto_builder.clj:61)
    figwheel_sidecar.auto_builder$insert_figwheel_connect_script$fn__15831.invoke (auto_builder.clj:201)
    figwheel_sidecar.auto_builder$warning$fn__15782.invoke (auto_builder.clj:57)
    clojurescript_build.auto$time_build$fn__15585.invoke (auto.clj:56)
    clojurescript_build.auto$after$fn__15591.invoke (auto.clj:65)
    clojurescript_build.auto$after$fn__15591.invoke (auto.clj:65)
    clojurescript_build.auto$error$fn__15594.invoke (auto.clj:72)
    clojurescript_build.auto$before$fn__15588.invoke (auto.clj:61)
    clojurescript_build.auto$make_conditional_builder$fn__15606.invoke (auto.clj:104)
    clojure.core$mapv$fn__6727.invoke (core.clj:6616)
    clojure.lang.PersistentVector.reduce (PersistentVector.java:333)
    clojure.core$reduce.invoke (core.clj:6518)
    clojure.core$mapv.invoke (core.clj:6616)
    clojurescript_build.auto$autobuild_STAR_$fn__15692$state_machine__9543__auto____15693$fn__15698.invoke (auto.clj:187)
    clojurescript_build.auto$autobuild_STAR_$fn__15692$state_machine__9543__auto____15693.invoke (auto.clj:178)
[0mCompiling "dev/resources/public/js/main.js" from ["src" "dev/src"]...
[32mSuccessfully compiled "dev/resources/public/js/main.js" in 0.463 seconds.[0m
notifying browser that file changed:  dev/resources/public/js/out/cljs_deps.js
notifying browser that file changed:  /peli/engine.js
[0mCompiling "dev/resources/public/js/main.js" from ["src" "dev/src"]...
[32mSuccessfully compiled "dev/resources/public/js/main.js" in 0.187 seconds.[0m
notifying browser that file changed:  /peli/play.js
sending changed CSS file: dev/resources/public/css/dev.css
[0mCompiling "dev/resources/public/js/main.js" from ["src" "dev/src"]...
WARNING: Use of undeclared Var cljs.core/time at line 64 src/peli/time_debugger.cljs
[32mSuccessfully compiled "dev/resources/public/js/main.js" in 0.182 seconds.[0m
notifying browser that file changed:  /peli/time_debugger.js
[0mCompiling "dev/resources/public/js/main.js" from ["src" "dev/src"]...
[32mSuccessfully compiled "dev/resources/public/js/main.js" in 0.154 seconds.[0m
notifying browser that file changed:  /peli/time_debugger.js
[0mCompiling "dev/resources/public/js/main.js" from ["src" "dev/src"]...
[32mSuccessfully compiled "dev/resources/public/js/main.js" in 0.167 seconds.[0m
notifying browser that file changed:  /peli/time_debugger.js
[0mCompiling "dev/resources/public/js/main.js" from ["src" "dev/src"]...
WARNING: Use of undeclared Var peli.time-debugger/debug at line 29 src/peli/time_debugger.cljs
[32mSuccessfully compiled "dev/resources/public/js/main.js" in 0.185 seconds.[0m
notifying browser that file changed:  /peli/time_debugger.js
[0mCompiling "dev/resources/public/js/main.js" from ["src" "dev/src"]...
[32mSuccessfully compiled "dev/resources/public/js/main.js" in 0.162 seconds.[0m
notifying browser that file changed:  /peli/time_debugger.js
[0mCompiling "dev/resources/public/js/main.js" from ["src" "dev/src"]...
[32mSuccessfully compiled "dev/resources/public/js/main.js" in 0.16 seconds.[0m
notifying browser that file changed:  dev/resources/public/js/out/cljs_deps.js
notifying browser that file changed:  /peli/time_debugger.js
[0mCompiling "dev/resources/public/js/main.js" from ["src" "dev/src"]...
WARNING: Wrong number of args (1) passed to peli.time-debugger/event->idx at line 110 src/peli/time_debugger.cljs
[32mSuccessfully compiled "dev/resources/public/js/main.js" in 0.174 seconds.[0m
notifying browser that file changed:  /peli/time_debugger.js
[0mCompiling "dev/resources/public/js/main.js" from ["src" "dev/src"]...
[32mSuccessfully compiled "dev/resources/public/js/main.js" in 0.148 seconds.[0m
notifying browser that file changed:  dev/resources/public/js/out/cljs_deps.js
notifying browser that file changed:  /peli/time_debugger.js
[0mCompiling "dev/resources/public/js/main.js" from ["src" "dev/src"]...
[32mSuccessfully compiled "dev/resources/public/js/main.js" in 0.17 seconds.[0m
notifying browser that file changed:  /peli/time_debugger.js
[0mCompiling "dev/resources/public/js/main.js" from ["src" "dev/src"]...
[32mSuccessfully compiled "dev/resources/public/js/main.js" in 0.152 seconds.[0m
notifying browser that file changed:  /peli/time_debugger.js
[0mCompiling "dev/resources/public/js/main.js" from ["src" "dev/src"]...
[32mSuccessfully compiled "dev/resources/public/js/main.js" in 0.154 seconds.[0m
notifying browser that file changed:  dev/resources/public/js/out/cljs_deps.js
notifying browser that file changed:  /peli/time_debugger.js
[0mCompiling "dev/resources/public/js/main.js" from ["src" "dev/src"]...
[32mSuccessfully compiled "dev/resources/public/js/main.js" in 0.154 seconds.[0m
notifying browser that file changed:  /peli/time_debugger.js
[0mCompiling "dev/resources/public/js/main.js" from ["src" "dev/src"]...
[32mSuccessfully compiled "dev/resources/public/js/main.js" in 0.152 seconds.[0m
notifying browser that file changed:  dev/resources/public/js/out/cljs_deps.js
notifying browser that file changed:  /peli/time_debugger.js
[0mCompiling "dev/resources/public/js/main.js" from ["src" "dev/src"]...
[32mSuccessfully compiled "dev/resources/public/js/main.js" in 0.153 seconds.[0m
notifying browser that file changed:  dev/resources/public/js/out/cljs_deps.js
notifying browser that file changed:  /peli/time_debugger.js
[0mCompiling "dev/resources/public/js/main.js" from ["src" "dev/src"]...
WARNING: Use of undeclared Var peli.time-debugger/event-idx at line 74 src/peli/time_debugger.cljs
[32mSuccessfully compiled "dev/resources/public/js/main.js" in 0.176 seconds.[0m
notifying browser that file changed:  dev/resources/public/js/out/cljs_deps.js
notifying browser that file changed:  /peli/time_debugger.js
[0mCompiling "dev/resources/public/js/main.js" from ["src" "dev/src"]...
[32mSuccessfully compiled "dev/resources/public/js/main.js" in 0.148 seconds.[0m
notifying browser that file changed:  dev/resources/public/js/out/cljs_deps.js
notifying browser that file changed:  /peli/time_debugger.js
[0mCompiling "dev/resources/public/js/main.js" from ["src" "dev/src"]...
[32mSuccessfully compiled "dev/resources/public/js/main.js" in 0.161 seconds.[0m
notifying browser that file changed:  dev/resources/public/js/out/cljs_deps.js
notifying browser that file changed:  /peli/time_debugger.js
[0mCompiling "dev/resources/public/js/main.js" from ["src" "dev/src"]...
[32mSuccessfully compiled "dev/resources/public/js/main.js" in 0.154 seconds.[0m
notifying browser that file changed:  /peli/time_debugger.js
[0mCompiling "dev/resources/public/js/main.js" from ["src" "dev/src"]...
[32mSuccessfully compiled "dev/resources/public/js/main.js" in 0.154 seconds.[0m
notifying browser that file changed:  /peli/time_debugger.js
[0mCompiling "dev/resources/public/js/main.js" from ["src" "dev/src"]...
[32mSuccessfully compiled "dev/resources/public/js/main.js" in 0.16 seconds.[0m
notifying browser that file changed:  dev/resources/public/js/out/cljs_deps.js
notifying browser that file changed:  /peli/time_debugger.js
[0mCompiling "dev/resources/public/js/main.js" from ["src" "dev/src"]...
[32mSuccessfully compiled "dev/resources/public/js/main.js" in 0.159 seconds.[0m
notifying browser that file changed:  dev/resources/public/js/out/cljs_deps.js
notifying browser that file changed:  /peli/time_debugger.js
[0mCompiling "dev/resources/public/js/main.js" from ["src" "dev/src"]...
[32mSuccessfully compiled "dev/resources/public/js/main.js" in 0.155 seconds.[0m
notifying browser that file changed:  /peli/time_debugger.js
[0mCompiling "dev/resources/public/js/main.js" from ["src" "dev/src"]...
[32mSuccessfully compiled "dev/resources/public/js/main.js" in 0.163 seconds.[0m
notifying browser that file changed:  /peli/time_debugger.js
[0mCompiling "dev/resources/public/js/main.js" from ["src" "dev/src"]...
[32mSuccessfully compiled "dev/resources/public/js/main.js" in 0.157 seconds.[0m
notifying browser that file changed:  dev/resources/public/js/out/cljs_deps.js
notifying browser that file changed:  /peli/time_debugger.js
[0mCompiling "dev/resources/public/js/main.js" from ["src" "dev/src"]...
[32mSuccessfully compiled "dev/resources/public/js/main.js" in 0.157 seconds.[0m
notifying browser that file changed:  dev/resources/public/js/out/cljs_deps.js
notifying browser that file changed:  /peli/time_debugger.js
[0mCompiling "dev/resources/public/js/main.js" from ["src" "dev/src"]...
[32mSuccessfully compiled "dev/resources/public/js/main.js" in 0.171 seconds.[0m
notifying browser that file changed:  /peli/time_debugger.js
[0mCompiling "dev/resources/public/js/main.js" from ["src" "dev/src"]...
[32mSuccessfully compiled "dev/resources/public/js/main.js" in 0.151 seconds.[0m
notifying browser that file changed:  /peli/time_debugger.js
[0mCompiling "dev/resources/public/js/main.js" from ["src" "dev/src"]...
[32mSuccessfully compiled "dev/resources/public/js/main.js" in 0.155 seconds.[0m
notifying browser that file changed:  /peli/time_debugger.js
[0mCompiling "dev/resources/public/js/main.js" from ["src" "dev/src"]...
[32mSuccessfully compiled "dev/resources/public/js/main.js" in 0.16 seconds.[0m
notifying browser that file changed:  /peli/time_debugger.js
[0mCompiling "dev/resources/public/js/main.js" from ["src" "dev/src"]...
[32mSuccessfully compiled "dev/resources/public/js/main.js" in 0.16 seconds.[0m
notifying browser that file changed:  /peli/time_debugger.js
[0mCompiling "dev/resources/public/js/main.js" from ["src" "dev/src"]...
[32mSuccessfully compiled "dev/resources/public/js/main.js" in 0.152 seconds.[0m
notifying browser that file changed:  /peli/time_debugger.js
[0mCompiling "dev/resources/public/js/main.js" from ["src" "dev/src"]...
[32mSuccessfully compiled "dev/resources/public/js/main.js" in 0.154 seconds.[0m
notifying browser that file changed:  /peli/time_debugger.js
[0mCompiling "dev/resources/public/js/main.js" from ["src" "dev/src"]...
[32mSuccessfully compiled "dev/resources/public/js/main.js" in 0.156 seconds.[0m
notifying browser that file changed:  /peli/time_debugger.js
[0mCompiling "dev/resources/public/js/main.js" from ["src" "dev/src"]...
[32mSuccessfully compiled "dev/resources/public/js/main.js" in 0.157 seconds.[0m
notifying browser that file changed:  /peli/time_debugger.js
[0mCompiling "dev/resources/public/js/main.js" from ["src" "dev/src"]...
[32mSuccessfully compiled "dev/resources/public/js/main.js" in 0.235 seconds.[0m
notifying browser that file changed:  /peli/svg_adaptor.js
[0mCompiling "dev/resources/public/js/main.js" from ["src" "dev/src"]...
[32mSuccessfully compiled "dev/resources/public/js/main.js" in 0.232 seconds.[0m
notifying browser that file changed:  /peli/svg_adaptor.js
sending changed CSS file: dev/resources/public/css/dev.css
sending changed CSS file: dev/resources/public/css/dev.css
sending changed CSS file: dev/resources/public/css/dev.css
sending changed CSS file: dev/resources/public/css/dev.css
sending changed CSS file: dev/resources/public/css/dev.css
sending changed CSS file: dev/resources/public/css/dev.css
sending changed CSS file: dev/resources/public/css/dev.css
sending changed CSS file: dev/resources/public/css/dev.css
sending changed CSS file: dev/resources/public/css/dev.css
sending changed CSS file: dev/resources/public/css/dev.css
sending changed CSS file: dev/resources/public/css/dev.css
sending changed CSS file: dev/resources/public/css/dev.css
sending changed CSS file: dev/resources/public/css/dev.css
sending changed CSS file: dev/resources/public/css/dev.css
sending changed CSS file: dev/resources/public/css/dev.css
sending changed CSS file: dev/resources/public/css/dev.css
sending changed CSS file: dev/resources/public/css/dev.css
sending changed CSS file: dev/resources/public/css/dev.css
sending changed CSS file: dev/resources/public/css/dev.css
[0mCompiling "dev/resources/public/js/main.js" from ["src" "dev/src"]...
[32mSuccessfully compiled "dev/resources/public/js/main.js" in 0.232 seconds.[0m
notifying browser that file changed:  /peli/svg_adaptor.js
sending changed CSS file: dev/resources/public/css/dev.css
sending changed CSS file: dev/resources/public/css/dev.css
sending changed CSS file: dev/resources/public/css/dev.css
sending changed CSS file: dev/resources/public/css/dev.css
sending changed CSS file: dev/resources/public/css/dev.css
sending changed CSS file: dev/resources/public/css/dev.css
sending changed CSS file: dev/resources/public/css/dev.css
[0mCompiling "dev/resources/public/js/main.js" from ["src" "dev/src"]...
[32mSuccessfully compiled "dev/resources/public/js/main.js" in 0.154 seconds.[0m
notifying browser that file changed:  /peli/time_debugger.js
[0mCompiling "dev/resources/public/js/main.js" from ["src" "dev/src"]...
[32mSuccessfully compiled "dev/resources/public/js/main.js" in 0.161 seconds.[0m
notifying browser that file changed:  /peli/time_debugger.js
[0mCompiling "dev/resources/public/js/main.js" from ["src" "dev/src"]...
[32mSuccessfully compiled "dev/resources/public/js/main.js" in 0.156 seconds.[0m
notifying browser that file changed:  /peli/time_debugger.js
[0mCompiling "dev/resources/public/js/main.js" from ["src" "dev/src"]...
[32mSuccessfully compiled "dev/resources/public/js/main.js" in 0.16 seconds.[0m
notifying browser that file changed:  /peli/time_debugger.js
[0mCompiling "dev/resources/public/js/main.js" from ["src" "dev/src"]...
[32mSuccessfully compiled "dev/resources/public/js/main.js" in 0.156 seconds.[0m
notifying browser that file changed:  /peli/time_debugger.js
[0mCompiling "dev/resources/public/js/main.js" from ["src" "dev/src"]...
[32mSuccessfully compiled "dev/resources/public/js/main.js" in 0.155 seconds.[0m
notifying browser that file changed:  /peli/time_debugger.js
[0mCompiling "dev/resources/public/js/main.js" from ["src" "dev/src"]...
[32mSuccessfully compiled "dev/resources/public/js/main.js" in 0.243 seconds.[0m
notifying browser that file changed:  /peli/svg_adaptor.js
sending changed CSS file: dev/resources/public/css/dev.css
sending changed CSS file: dev/resources/public/css/dev.css
sending changed CSS file: dev/resources/public/css/dev.css
sending changed CSS file: dev/resources/public/css/dev.css
sending changed CSS file: dev/resources/public/css/dev.css
sending changed CSS file: dev/resources/public/css/dev.css
sending changed CSS file: dev/resources/public/css/dev.css
sending changed CSS file: dev/resources/public/css/dev.css
sending changed CSS file: dev/resources/public/css/dev.css
sending changed CSS file: dev/resources/public/css/dev.css
sending changed CSS file: dev/resources/public/css/dev.css
sending changed CSS file: dev/resources/public/css/dev.css
sending changed CSS file: dev/resources/public/css/dev.css
sending changed CSS file: dev/resources/public/css/dev.css
sending changed CSS file: dev/resources/public/css/dev.css
sending changed CSS file: dev/resources/public/css/dev.css
sending changed CSS file: dev/resources/public/css/dev.css
sending changed CSS file: dev/resources/public/css/dev.css
sending changed CSS file: dev/resources/public/css/dev.css
sending changed CSS file: dev/resources/public/css/dev.css
sending changed CSS file: dev/resources/public/css/dev.css
sending changed CSS file: dev/resources/public/css/dev.css
sending changed CSS file: dev/resources/public/css/dev.css
sending changed CSS file: dev/resources/public/css/dev.css
sending changed CSS file: dev/resources/public/css/dev.css
sending changed CSS file: dev/resources/public/css/dev.css
[0mCompiling "dev/resources/public/js/main.js" from ["src" "dev/src"]...
[32mSuccessfully compiled "dev/resources/public/js/main.js" in 0.156 seconds.[0m
notifying browser that file changed:  dev/resources/public/js/out/cljs_deps.js
notifying browser that file changed:  /peli/time_debugger.js
sending changed CSS file: dev/resources/public/css/dev.css
sending changed CSS file: dev/resources/public/css/dev.css
[0mCompiling "dev/resources/public/js/main.js" from ["src" "dev/src"]...
[31mCompiling "dev/resources/public/js/main.js" failed.[0m
clojure.lang.ExceptionInfo: failed compiling file:src/peli/svg_adaptor.cljs
 at clojure.core$ex_info.invoke (core.clj:4593)
    cljs.compiler$compile_file$fn__3144.invoke (compiler.cljc:1347)
    cljs.compiler$compile_file.invoke (compiler.cljc:1309)
    cljs.compiler$compile_root.invoke (compiler.cljc:1384)
    cljs.closure$compile_dir.invoke (closure.clj:446)
    cljs.closure$eval3588$fn__3589.invoke (closure.clj:486)
    cljs.closure$eval3540$fn__3541$G__3531__3548.invoke (closure.clj:391)
    cljs.closure$eval3601$fn__3602.invoke (closure.clj:500)
    cljs.closure$eval3540$fn__3541$G__3531__3548.invoke (closure.clj:391)
    clojurescript_build.core.CompilableSourcePaths/fn (core.clj:20)
    clojure.lang.PersistentVector.reduce (PersistentVector.java:333)
    clojure.core$reduce.invoke (core.clj:6518)
    clojurescript_build.core.CompilableSourcePaths._compile (core.clj:19)
    cljs.closure$build.invoke (closure.clj:1683)
    clojurescript_build.core$build_source_paths_STAR_.invoke (core.clj:160)
    figwheel_sidecar.auto_builder$default_build_options$fn__15785.invoke (auto_builder.clj:61)
    figwheel_sidecar.auto_builder$insert_figwheel_connect_script$fn__15831.invoke (auto_builder.clj:201)
    figwheel_sidecar.auto_builder$warning$fn__15782.invoke (auto_builder.clj:57)
    clojurescript_build.auto$time_build$fn__15585.invoke (auto.clj:56)
    clojurescript_build.auto$after$fn__15591.invoke (auto.clj:65)
    clojurescript_build.auto$after$fn__15591.invoke (auto.clj:65)
    clojurescript_build.auto$error$fn__15594.invoke (auto.clj:72)
    clojurescript_build.auto$before$fn__15588.invoke (auto.clj:61)
    clojurescript_build.auto$make_conditional_builder$fn__15606.invoke (auto.clj:104)
    clojure.core$mapv$fn__6727.invoke (core.clj:6616)
    clojure.lang.PersistentVector.reduce (PersistentVector.java:333)
    clojure.core$reduce.invoke (core.clj:6518)
    clojure.core$mapv.invoke (core.clj:6616)
    clojurescript_build.auto$autobuild_STAR_$fn__15692$state_machine__9543__auto____15693$fn__15698.invoke (auto.clj:187)
    clojurescript_build.auto$autobuild_STAR_$fn__15692$state_machine__9543__auto____15693.invoke (auto.clj:178)
Figwheel: focusing on build-ids (dev)
[0mCompiling "dev/resources/public/js/main.js" from ["src" "dev/src"]...
[32mSuccessfully compiled "dev/resources/public/js/main.js" in 0.122 seconds.[0m
notifying browser that file changed:  dev/resources/public/js/out/goog/deps.js
notifying browser that file changed:  dev/resources/public/js/out/cljs_deps.js
notifying browser that file changed:  /peli/engine.js
notifying browser that file changed:  /peli/time_debugger.js
notifying browser that file changed:  /peli/play.js
notifying browser that file changed:  /peli/svg_adaptor.js
[0mCompiling "dev/resources/public/js/main.js" from ["src" "dev/src"]...
WARNING: Wrong number of args (0) passed to devcards.util.edn-renderer/html-edn at line 103 src/peli/svg_adaptor.cljs
[32mSuccessfully compiled "dev/resources/public/js/main.js" in 0.385 seconds.[0m
notifying browser that file changed:  /peli/svg_adaptor.js
[0mCompiling "dev/resources/public/js/main.js" from ["src" "dev/src"]...
[32mSuccessfully compiled "dev/resources/public/js/main.js" in 0.308 seconds.[0m
notifying browser that file changed:  /peli/svg_adaptor.js
[0mCompiling "dev/resources/public/js/main.js" from ["src" "dev/src"]...
[32mSuccessfully compiled "dev/resources/public/js/main.js" in 0.283 seconds.[0m
notifying browser that file changed:  dev/resources/public/js/out/cljs_deps.js
notifying browser that file changed:  /peli/svg_adaptor.js
[0mCompiling "dev/resources/public/js/main.js" from ["src" "dev/src"]...
[32mSuccessfully compiled "dev/resources/public/js/main.js" in 0.213 seconds.[0m
notifying browser that file changed:  /peli/play.js
[0mCompiling "dev/resources/public/js/main.js" from ["src" "dev/src"]...
[32mSuccessfully compiled "dev/resources/public/js/main.js" in 0.252 seconds.[0m
notifying browser that file changed:  /peli/play.js
[0mCompiling "dev/resources/public/js/main.js" from ["src" "dev/src"]...
[32mSuccessfully compiled "dev/resources/public/js/main.js" in 0.206 seconds.[0m
notifying browser that file changed:  /peli/play.js
[0mCompiling "dev/resources/public/js/main.js" from ["src" "dev/src"]...
[32mSuccessfully compiled "dev/resources/public/js/main.js" in 0.213 seconds.[0m
notifying browser that file changed:  /peli/play.js
[0mCompiling "dev/resources/public/js/main.js" from ["src" "dev/src"]...
[32mSuccessfully compiled "dev/resources/public/js/main.js" in 0.195 seconds.[0m
notifying browser that file changed:  /peli/time_debugger.js
[0mCompiling "dev/resources/public/js/main.js" from ["src" "dev/src"]...
[32mSuccessfully compiled "dev/resources/public/js/main.js" in 0.198 seconds.[0m
notifying browser that file changed:  /peli/play.js
[0mCompiling "dev/resources/public/js/main.js" from ["src" "dev/src"]...
[32mSuccessfully compiled "dev/resources/public/js/main.js" in 0.201 seconds.[0m
notifying browser that file changed:  /peli/play.js
[0mCompiling "dev/resources/public/js/main.js" from ["src" "dev/src"]...
[32mSuccessfully compiled "dev/resources/public/js/main.js" in 0.203 seconds.[0m
notifying browser that file changed:  /peli/play.js
[0mCompiling "dev/resources/public/js/main.js" from ["src" "dev/src"]...
[32mSuccessfully compiled "dev/resources/public/js/main.js" in 0.204 seconds.[0m
notifying browser that file changed:  /peli/play.js
[0mCompiling "dev/resources/public/js/main.js" from ["src" "dev/src"]...
[32mSuccessfully compiled "dev/resources/public/js/main.js" in 0.268 seconds.[0m
notifying browser that file changed:  dev/resources/public/js/out/cljs_deps.js
notifying browser that file changed:  /peli/svg_adaptor.js
[0mCompiling "dev/resources/public/js/main.js" from ["src" "dev/src"]...
[32mSuccessfully compiled "dev/resources/public/js/main.js" in 0.253 seconds.[0m
notifying browser that file changed:  /peli/svg_adaptor.js
[0mCompiling "dev/resources/public/js/main.js" from ["src" "dev/src"]...
[32mSuccessfully compiled "dev/resources/public/js/main.js" in 0.242 seconds.[0m
notifying browser that file changed:  dev/resources/public/js/out/cljs_deps.js
notifying browser that file changed:  /peli/svg_adaptor.js
[0mCompiling "dev/resources/public/js/main.js" from ["src" "dev/src"]...
[32mSuccessfully compiled "dev/resources/public/js/main.js" in 0.258 seconds.[0m
notifying browser that file changed:  /peli/svg_adaptor.js
[0mCompiling "dev/resources/public/js/main.js" from ["src" "dev/src"]...
[32mSuccessfully compiled "dev/resources/public/js/main.js" in 0.251 seconds.[0m
notifying browser that file changed:  /peli/svg_adaptor.js
[0mCompiling "dev/resources/public/js/main.js" from ["src" "dev/src"]...
[32mSuccessfully compiled "dev/resources/public/js/main.js" in 0.26 seconds.[0m
notifying browser that file changed:  /peli/svg_adaptor.js
[0mCompiling "dev/resources/public/js/main.js" from ["src" "dev/src"]...
[32mSuccessfully compiled "dev/resources/public/js/main.js" in 0.256 seconds.[0m
notifying browser that file changed:  /peli/svg_adaptor.js
[0mCompiling "dev/resources/public/js/main.js" from ["src" "dev/src"]...
[32mSuccessfully compiled "dev/resources/public/js/main.js" in 0.25 seconds.[0m
notifying browser that file changed:  /peli/svg_adaptor.js
[0mCompiling "dev/resources/public/js/main.js" from ["src" "dev/src"]...
[32mSuccessfully compiled "dev/resources/public/js/main.js" in 0.257 seconds.[0m
notifying browser that file changed:  /peli/svg_adaptor.js
[0mCompiling "dev/resources/public/js/main.js" from ["src" "dev/src"]...
[32mSuccessfully compiled "dev/resources/public/js/main.js" in 0.245 seconds.[0m
notifying browser that file changed:  /peli/svg_adaptor.js
[0mCompiling "dev/resources/public/js/main.js" from ["src" "dev/src"]...
[32mSuccessfully compiled "dev/resources/public/js/main.js" in 0.251 seconds.[0m
notifying browser that file changed:  /peli/svg_adaptor.js
[0mCompiling "dev/resources/public/js/main.js" from ["src" "dev/src"]...
[32mSuccessfully compiled "dev/resources/public/js/main.js" in 0.271 seconds.[0m
notifying browser that file changed:  /peli/svg_adaptor.js
[0mCompiling "dev/resources/public/js/main.js" from ["src" "dev/src"]...
[32mSuccessfully compiled "dev/resources/public/js/main.js" in 0.251 seconds.[0m
notifying browser that file changed:  /peli/svg_adaptor.js
[0mCompiling "dev/resources/public/js/main.js" from ["src" "dev/src"]...
[32mSuccessfully compiled "dev/resources/public/js/main.js" in 0.249 seconds.[0m
notifying browser that file changed:  dev/resources/public/js/out/cljs_deps.js
notifying browser that file changed:  /peli/svg_adaptor.js
[0mCompiling "dev/resources/public/js/main.js" from ["src" "dev/src"]...
[32mSuccessfully compiled "dev/resources/public/js/main.js" in 0.248 seconds.[0m
notifying browser that file changed:  dev/resources/public/js/out/cljs_deps.js
notifying browser that file changed:  /peli/svg_adaptor.js
[0mCompiling "dev/resources/public/js/main.js" from ["src" "dev/src"]...
[32mSuccessfully compiled "dev/resources/public/js/main.js" in 0.261 seconds.[0m
notifying browser that file changed:  /peli/svg_adaptor.js
[0mCompiling "dev/resources/public/js/main.js" from ["src" "dev/src"]...
[32mSuccessfully compiled "dev/resources/public/js/main.js" in 0.579 seconds.[0m
notifying browser that file changed:  dev/resources/public/js/out/cljs_deps.js
notifying browser that file changed:  /peli/engine.js
[0mCompiling "dev/resources/public/js/main.js" from ["src" "dev/src"]...
[32mSuccessfully compiled "dev/resources/public/js/main.js" in 0.195 seconds.[0m
notifying browser that file changed:  dev/resources/public/js/out/cljs_deps.js
notifying browser that file changed:  /peli/play.js
[0mCompiling "dev/resources/public/js/main.js" from ["src" "dev/src"]...
[32mSuccessfully compiled "dev/resources/public/js/main.js" in 0.205 seconds.[0m
notifying browser that file changed:  dev/resources/public/js/out/cljs_deps.js
notifying browser that file changed:  /peli/play.js
[0mCompiling "dev/resources/public/js/main.js" from ["src" "dev/src"]...
[32mSuccessfully compiled "dev/resources/public/js/main.js" in 0.2 seconds.[0m
notifying browser that file changed:  /peli/play.js
[0mCompiling "dev/resources/public/js/main.js" from ["src" "dev/src"]...
[32mSuccessfully compiled "dev/resources/public/js/main.js" in 0.193 seconds.[0m
notifying browser that file changed:  /peli/play.js
[0mCompiling "dev/resources/public/js/main.js" from ["src" "dev/src"]...
[32mSuccessfully compiled "dev/resources/public/js/main.js" in 0.208 seconds.[0m
notifying browser that file changed:  /peli/play.js
[0mCompiling "dev/resources/public/js/main.js" from ["src" "dev/src"]...
[32mSuccessfully compiled "dev/resources/public/js/main.js" in 0.197 seconds.[0m
notifying browser that file changed:  /peli/play.js
[0mCompiling "dev/resources/public/js/main.js" from ["src" "dev/src"]...
[32mSuccessfully compiled "dev/resources/public/js/main.js" in 0.196 seconds.[0m
notifying browser that file changed:  /peli/play.js
[0mCompiling "dev/resources/public/js/main.js" from ["src" "dev/src"]...
[32mSuccessfully compiled "dev/resources/public/js/main.js" in 0.198 seconds.[0m
notifying browser that file changed:  /peli/play.js
Figwheel: focusing on build-ids (dev)
[0mCompiling "dev/resources/public/js/main.js" from ["src" "dev/src"]...
[32mSuccessfully compiled "dev/resources/public/js/main.js" in 0.149 seconds.[0m
notifying browser that file changed:  dev/resources/public/js/out/goog/deps.js
notifying browser that file changed:  dev/resources/public/js/out/cljs_deps.js
notifying browser that file changed:  /peli/engine.js
notifying browser that file changed:  /peli/time_debugger.js
notifying browser that file changed:  /peli/play.js
notifying browser that file changed:  /peli/svg_adaptor.js
[0mCompiling "dev/resources/public/js/main.js" from ["src" "dev/src"]...
[32mSuccessfully compiled "dev/resources/public/js/main.js" in 0.374 seconds.[0m
notifying browser that file changed:  /peli/play.js
[0mCompiling "dev/resources/public/js/main.js" from ["src" "dev/src"]...
[32mSuccessfully compiled "dev/resources/public/js/main.js" in 0.304 seconds.[0m
notifying browser that file changed:  /peli/play.js
[0mCompiling "dev/resources/public/js/main.js" from ["src" "dev/src"]...
[32mSuccessfully compiled "dev/resources/public/js/main.js" in 0.248 seconds.[0m
notifying browser that file changed:  /peli/play.js
[0mCompiling "dev/resources/public/js/main.js" from ["src" "dev/src"]...
[32mSuccessfully compiled "dev/resources/public/js/main.js" in 0.244 seconds.[0m
notifying browser that file changed:  /peli/play.js
[0mCompiling "dev/resources/public/js/main.js" from ["src" "dev/src"]...
[32mSuccessfully compiled "dev/resources/public/js/main.js" in 0.268 seconds.[0m
notifying browser that file changed:  /peli/play.js
[0mCompiling "dev/resources/public/js/main.js" from ["src" "dev/src"]...
[32mSuccessfully compiled "dev/resources/public/js/main.js" in 0.229 seconds.[0m
notifying browser that file changed:  /peli/play.js
[0mCompiling "dev/resources/public/js/main.js" from ["src" "dev/src"]...
[32mSuccessfully compiled "dev/resources/public/js/main.js" in 0.218 seconds.[0m
notifying browser that file changed:  dev/resources/public/js/out/cljs_deps.js
notifying browser that file changed:  /peli/play.js
[0mCompiling "dev/resources/public/js/main.js" from ["src" "dev/src"]...
[32mSuccessfully compiled "dev/resources/public/js/main.js" in 0.219 seconds.[0m
notifying browser that file changed:  dev/resources/public/js/out/cljs_deps.js
notifying browser that file changed:  /peli/play.js
[0mCompiling "dev/resources/public/js/main.js" from ["src" "dev/src"]...
WARNING: Use of undeclared Var peli.time-debugger/cur-event at line 112 src/peli/time_debugger.cljs
WARNING: Wrong number of args (0) passed to peli.time-debugger/start-debug at line 130 src/peli/time_debugger.cljs
[32mSuccessfully compiled "dev/resources/public/js/main.js" in 0.365 seconds.[0m
notifying browser that file changed:  /peli/time_debugger.js
[0mCompiling "dev/resources/public/js/main.js" from ["src" "dev/src"]...
WARNING: Use of undeclared Var peli.time-debugger/cur-event at line 112 src/peli/time_debugger.cljs
WARNING: Wrong number of args (0) passed to peli.time-debugger/start-debug at line 131 src/peli/time_debugger.cljs
[32mSuccessfully compiled "dev/resources/public/js/main.js" in 0.215 seconds.[0m
notifying browser that file changed:  /peli/time_debugger.js
[0mCompiling "dev/resources/public/js/main.js" from ["src" "dev/src"]...
[32mSuccessfully compiled "dev/resources/public/js/main.js" in 0.307 seconds.[0m
notifying browser that file changed:  /peli/svg_adaptor.js
[0mCompiling "dev/resources/public/js/main.js" from ["src" "dev/src"]...
[32mSuccessfully compiled "dev/resources/public/js/main.js" in 0.29 seconds.[0m
notifying browser that file changed:  /peli/svg_adaptor.js
[0mCompiling "dev/resources/public/js/main.js" from ["src" "dev/src"]...
WARNING: Use of undeclared Var peli.time-debugger/cur-event at line 113 src/peli/time_debugger.cljs
WARNING: Wrong number of args (0) passed to peli.time-debugger/start-debug at line 132 src/peli/time_debugger.cljs
[32mSuccessfully compiled "dev/resources/public/js/main.js" in 0.215 seconds.[0m
notifying browser that file changed:  /peli/time_debugger.js
[0mCompiling "dev/resources/public/js/main.js" from ["src" "dev/src"]...
WARNING: Wrong number of args (0) passed to peli.time-debugger/start-debug at line 132 src/peli/time_debugger.cljs
[32mSuccessfully compiled "dev/resources/public/js/main.js" in 0.202 seconds.[0m
notifying browser that file changed:  /peli/time_debugger.js
[0mCompiling "dev/resources/public/js/main.js" from ["src" "dev/src"]...
[32mSuccessfully compiled "dev/resources/public/js/main.js" in 0.183 seconds.[0m
notifying browser that file changed:  /peli/time_debugger.js
[0mCompiling "dev/resources/public/js/main.js" from ["src" "dev/src"]...
[32mSuccessfully compiled "dev/resources/public/js/main.js" in 0.182 seconds.[0m
notifying browser that file changed:  dev/resources/public/js/out/cljs_deps.js
notifying browser that file changed:  /peli/time_debugger.js
[0mCompiling "dev/resources/public/js/main.js" from ["src" "dev/src"]...
[32mSuccessfully compiled "dev/resources/public/js/main.js" in 0.181 seconds.[0m
notifying browser that file changed:  /peli/time_debugger.js
[0mCompiling "dev/resources/public/js/main.js" from ["src" "dev/src"]...
[32mSuccessfully compiled "dev/resources/public/js/main.js" in 0.231 seconds.[0m
notifying browser that file changed:  dev/resources/public/js/out/cljs_deps.js
notifying browser that file changed:  /peli/play.js
[0mCompiling "dev/resources/public/js/main.js" from ["src" "dev/src"]...
[32mSuccessfully compiled "dev/resources/public/js/main.js" in 0.268 seconds.[0m
notifying browser that file changed:  /peli/play.js
[0mCompiling "dev/resources/public/js/main.js" from ["src" "dev/src"]...
[32mSuccessfully compiled "dev/resources/public/js/main.js" in 0.21 seconds.[0m
notifying browser that file changed:  /peli/play.js
[0mCompiling "dev/resources/public/js/main.js" from ["src" "dev/src"]...
[32mSuccessfully compiled "dev/resources/public/js/main.js" in 0.227 seconds.[0m
notifying browser that file changed:  /peli/play.js
[0mCompiling "dev/resources/public/js/main.js" from ["src" "dev/src"]...
[32mSuccessfully compiled "dev/resources/public/js/main.js" in 0.234 seconds.[0m
notifying browser that file changed:  /peli/play.js
[0mCompiling "dev/resources/public/js/main.js" from ["src" "dev/src"]...
[32mSuccessfully compiled "dev/resources/public/js/main.js" in 0.211 seconds.[0m
notifying browser that file changed:  /peli/play.js
[0mCompiling "dev/resources/public/js/main.js" from ["src" "dev/src"]...
WARNING: Use of undeclared Var peli.engine/matrix-bounds at line 227 src/peli/engine.cljs
WARNING: Use of undeclared Var peli.engine/matrix-bounds at line 275 src/peli/engine.cljs
[32mSuccessfully compiled "dev/resources/public/js/main.js" in 0.546 seconds.[0m
notifying browser that file changed:  dev/resources/public/js/out/cljs_deps.js
notifying browser that file changed:  /peli/engine.js
[0mCompiling "dev/resources/public/js/main.js" from ["src" "dev/src"]...
[32mSuccessfully compiled "dev/resources/public/js/main.js" in 0.565 seconds.[0m
notifying browser that file changed:  /peli/engine.js
[0mCompiling "dev/resources/public/js/main.js" from ["src" "dev/src"]...
[32mSuccessfully compiled "dev/resources/public/js/main.js" in 0.551 seconds.[0m
notifying browser that file changed:  dev/resources/public/js/out/cljs_deps.js
notifying browser that file changed:  /peli/engine.js
[0mCompiling "dev/resources/public/js/main.js" from ["src" "dev/src"]...
[32mSuccessfully compiled "dev/resources/public/js/main.js" in 0.482 seconds.[0m
notifying browser that file changed:  /peli/engine.js
[0mCompiling "dev/resources/public/js/main.js" from ["src" "dev/src"]...
[32mSuccessfully compiled "dev/resources/public/js/main.js" in 0.424 seconds.[0m
notifying browser that file changed:  /peli/play.js
